2025-01-13 22:44:00,795 - INFO: Found 100 Jira issues to sync
2025-01-13 22:44:01,320 - ERROR: Error syncing issue BRAV-598: ('422 Client Error: Unprocessable Entity for url: https://api.airtable.com/v0/appmEh3BL93lRLn5k/JIRA-AIRTABLE-SYNC', '{\'type\': \'UNKNOWN_FIELD_NAME\', \'message\': \'Unknown field name: "Jira Key"\'}')
2025-01-13 22:44:01,678 - ERROR: Error syncing issue BRAV-597: ('422 Client Error: Unprocessable Entity for url: https://api.airtable.com/v0/appmEh3BL93lRLn5k/JIRA-AIRTABLE-SYNC', '{\'type\': \'UNKNOWN_FIELD_NAME\', \'message\': \'Unknown field name: "Jira Key"\'}')
2025-01-13 22:44:01,948 - ERROR: Error syncing issue BRAV-596: ('422 Client Error: Unprocessable Entity for url: https://api.airtable.com/v0/appmEh3BL93lRLn5k/JIRA-AIRTABLE-SYNC', '{\'type\': \'UNKNOWN_FIELD_NAME\', \'message\': \'Unknown field name: "Jira Key"\'}')
2025-01-13 22:44:02,251 - ERROR: Error syncing issue BRAV-595: ('422 Client Error: Unprocessable Entity for url: https://api.airtable.com/v0/appmEh3BL93lRLn5k/JIRA-AIRTABLE-SYNC', '{\'type\': \'UNKNOWN_FIELD_NAME\', \'message\': \'Unknown field name: "Jira Key"\'}')
2025-01-13 22:44:02,529 - ERROR: Error syncing issue BRAV-594: ('422 Client Error: Unprocessable Entity for url: https://api.airtable.com/v0/appmEh3BL93lRLn5k/JIRA-AIRTABLE-SYNC', '{\'type\': \'UNKNOWN_FIELD_NAME\', \'message\': \'Unknown field name: "Jira Key"\'}')
2025-01-13 22:44:02,799 - ERROR: Error syncing issue BRAV-593: ('422 Client Error: Unprocessable Entity for url: https://api.airtable.com/v0/appmEh3BL93lRLn5k/JIRA-AIRTABLE-SYNC', '{\'type\': \'UNKNOWN_FIELD_NAME\', \'message\': \'Unknown field name: "Jira Key"\'}')
2025-01-13 22:44:03,086 - ERROR: Error syncing issue BRAV-592: ('422 Client Error: Unprocessable Entity for url: https://api.airtable.com/v0/appmEh3BL93lRLn5k/JIRA-AIRTABLE-SYNC', '{\'type\': \'UNKNOWN_FIELD_NAME\', \'message\': \'Unknown field name: "Jira Key"\'}')
2025-01-13 22:44:03,404 - ERROR: Error syncing issue BRAV-591: ('422 Client Error: Unprocessable Entity for url: https://api.airtable.com/v0/appmEh3BL93lRLn5k/JIRA-AIRTABLE-SYNC', '{\'type\': \'UNKNOWN_FIELD_NAME\', \'message\': \'Unknown field name: "Jira Key"\'}')
2025-01-13 22:44:03,719 - ERROR: Error syncing issue BRAV-590: ('422 Client Error: Unprocessable Entity for url: https://api.airtable.com/v0/appmEh3BL93lRLn5k/JIRA-AIRTABLE-SYNC', '{\'type\': \'UNKNOWN_FIELD_NAME\', \'message\': \'Unknown field name: "Jira Key"\'}')
2025-01-13 22:44:04,046 - ERROR: Error syncing issue BRAV-589: ('422 Client Error: Unprocessable Entity for url: https://api.airtable.com/v0/appmEh3BL93lRLn5k/JIRA-AIRTABLE-SYNC', '{\'type\': \'UNKNOWN_FIELD_NAME\', \'message\': \'Unknown field name: "Jira Key"\'}')
2025-01-13 22:44:04,329 - ERROR: Error syncing issue BRAV-588: ('422 Client Error: Unprocessable Entity for url: https://api.airtable.com/v0/appmEh3BL93lRLn5k/JIRA-AIRTABLE-SYNC', '{\'type\': \'UNKNOWN_FIELD_NAME\', \'message\': \'Unknown field name: "Jira Key"\'}')
2025-01-13 22:44:04,586 - ERROR: Error syncing issue BRAV-587: ('422 Client Error: Unprocessable Entity for url: https://api.airtable.com/v0/appmEh3BL93lRLn5k/JIRA-AIRTABLE-SYNC', '{\'type\': \'UNKNOWN_FIELD_NAME\', \'message\': \'Unknown field name: "Jira Key"\'}')
2025-01-13 22:44:04,868 - ERROR: Error syncing issue BRAV-586: ('422 Client Error: Unprocessable Entity for url: https://api.airtable.com/v0/appmEh3BL93lRLn5k/JIRA-AIRTABLE-SYNC', '{\'type\': \'UNKNOWN_FIELD_NAME\', \'message\': \'Unknown field name: "Jira Key"\'}')
2025-01-13 22:44:05,144 - ERROR: Error syncing issue BRAV-585: ('422 Client Error: Unprocessable Entity for url: https://api.airtable.com/v0/appmEh3BL93lRLn5k/JIRA-AIRTABLE-SYNC', '{\'type\': \'UNKNOWN_FIELD_NAME\', \'message\': \'Unknown field name: "Jira Key"\'}')
2025-01-13 22:44:05,447 - ERROR: Error syncing issue BRAV-584: ('422 Client Error: Unprocessable Entity for url: https://api.airtable.com/v0/appmEh3BL93lRLn5k/JIRA-AIRTABLE-SYNC', '{\'type\': \'UNKNOWN_FIELD_NAME\', \'message\': \'Unknown field name: "Jira Key"\'}')
2025-01-13 22:44:05,758 - ERROR: Error syncing issue BRAV-583: ('422 Client Error: Unprocessable Entity for url: https://api.airtable.com/v0/appmEh3BL93lRLn5k/JIRA-AIRTABLE-SYNC', '{\'type\': \'UNKNOWN_FIELD_NAME\', \'message\': \'Unknown field name: "Jira Key"\'}')
2025-01-13 22:44:06,026 - ERROR: Error syncing issue BRAV-582: ('422 Client Error: Unprocessable Entity for url: https://api.airtable.com/v0/appmEh3BL93lRLn5k/JIRA-AIRTABLE-SYNC', '{\'type\': \'UNKNOWN_FIELD_NAME\', \'message\': \'Unknown field name: "Jira Key"\'}')
2025-01-13 22:44:06,299 - ERROR: Error syncing issue BRAV-581: ('422 Client Error: Unprocessable Entity for url: https://api.airtable.com/v0/appmEh3BL93lRLn5k/JIRA-AIRTABLE-SYNC', '{\'type\': \'UNKNOWN_FIELD_NAME\', \'message\': \'Unknown field name: "Jira Key"\'}')
2025-01-13 22:44:06,569 - ERROR: Error syncing issue BRAV-580: ('422 Client Error: Unprocessable Entity for url: https://api.airtable.com/v0/appmEh3BL93lRLn5k/JIRA-AIRTABLE-SYNC', '{\'type\': \'UNKNOWN_FIELD_NAME\', \'message\': \'Unknown field name: "Jira Key"\'}')
2025-01-13 22:44:06,921 - ERROR: Error syncing issue BRAV-579: ('422 Client Error: Unprocessable Entity for url: https://api.airtable.com/v0/appmEh3BL93lRLn5k/JIRA-AIRTABLE-SYNC', '{\'type\': \'UNKNOWN_FIELD_NAME\', \'message\': \'Unknown field name: "Jira Key"\'}')
2025-01-13 22:44:07,250 - ERROR: Error syncing issue BRAV-578: ('422 Client Error: Unprocessable Entity for url: https://api.airtable.com/v0/appmEh3BL93lRLn5k/JIRA-AIRTABLE-SYNC', '{\'type\': \'UNKNOWN_FIELD_NAME\', \'message\': \'Unknown field name: "Jira Key"\'}')
2025-01-13 22:44:07,510 - ERROR: Error syncing issue BRAV-577: ('422 Client Error: Unprocessable Entity for url: https://api.airtable.com/v0/appmEh3BL93lRLn5k/JIRA-AIRTABLE-SYNC', '{\'type\': \'UNKNOWN_FIELD_NAME\', \'message\': \'Unknown field name: "Jira Key"\'}')
2025-01-13 22:44:07,740 - ERROR: Error syncing issue BRAV-576: ('422 Client Error: Unprocessable Entity for url: https://api.airtable.com/v0/appmEh3BL93lRLn5k/JIRA-AIRTABLE-SYNC', '{\'type\': \'UNKNOWN_FIELD_NAME\', \'message\': \'Unknown field name: "Jira Key"\'}')
2025-01-13 22:44:08,062 - ERROR: Error syncing issue BRAV-575: ('422 Client Error: Unprocessable Entity for url: https://api.airtable.com/v0/appmEh3BL93lRLn5k/JIRA-AIRTABLE-SYNC', '{\'type\': \'UNKNOWN_FIELD_NAME\', \'message\': \'Unknown field name: "Jira Key"\'}')
2025-01-13 22:44:08,315 - ERROR: Error syncing issue BRAV-574: ('422 Client Error: Unprocessable Entity for url: https://api.airtable.com/v0/appmEh3BL93lRLn5k/JIRA-AIRTABLE-SYNC', '{\'type\': \'UNKNOWN_FIELD_NAME\', \'message\': \'Unknown field name: "Jira Key"\'}')
2025-01-13 22:44:08,608 - ERROR: Error syncing issue BRAV-573: ('422 Client Error: Unprocessable Entity for url: https://api.airtable.com/v0/appmEh3BL93lRLn5k/JIRA-AIRTABLE-SYNC', '{\'type\': \'UNKNOWN_FIELD_NAME\', \'message\': \'Unknown field name: "Jira Key"\'}')
2025-01-13 22:44:08,909 - ERROR: Error syncing issue BRAV-572: ('422 Client Error: Unprocessable Entity for url: https://api.airtable.com/v0/appmEh3BL93lRLn5k/JIRA-AIRTABLE-SYNC', '{\'type\': \'UNKNOWN_FIELD_NAME\', \'message\': \'Unknown field name: "Jira Key"\'}')
2025-01-13 22:44:09,162 - ERROR: Error syncing issue BRAV-571: ('422 Client Error: Unprocessable Entity for url: https://api.airtable.com/v0/appmEh3BL93lRLn5k/JIRA-AIRTABLE-SYNC', '{\'type\': \'UNKNOWN_FIELD_NAME\', \'message\': \'Unknown field name: "Jira Key"\'}')
2025-01-13 22:44:09,443 - ERROR: Error syncing issue BRAV-570: ('422 Client Error: Unprocessable Entity for url: https://api.airtable.com/v0/appmEh3BL93lRLn5k/JIRA-AIRTABLE-SYNC', '{\'type\': \'UNKNOWN_FIELD_NAME\', \'message\': \'Unknown field name: "Jira Key"\'}')
2025-01-13 22:44:09,719 - ERROR: Error syncing issue BRAV-569: ('422 Client Error: Unprocessable Entity for url: https://api.airtable.com/v0/appmEh3BL93lRLn5k/JIRA-AIRTABLE-SYNC', '{\'type\': \'UNKNOWN_FIELD_NAME\', \'message\': \'Unknown field name: "Jira Key"\'}')
2025-01-13 22:44:09,985 - ERROR: Error syncing issue BRAV-568: ('422 Client Error: Unprocessable Entity for url: https://api.airtable.com/v0/appmEh3BL93lRLn5k/JIRA-AIRTABLE-SYNC', '{\'type\': \'UNKNOWN_FIELD_NAME\', \'message\': \'Unknown field name: "Jira Key"\'}')
2025-01-13 22:44:10,297 - ERROR: Error syncing issue BRAV-567: ('422 Client Error: Unprocessable Entity for url: https://api.airtable.com/v0/appmEh3BL93lRLn5k/JIRA-AIRTABLE-SYNC', '{\'type\': \'UNKNOWN_FIELD_NAME\', \'message\': \'Unknown field name: "Jira Key"\'}')
2025-01-13 22:44:10,551 - ERROR: Error syncing issue BRAV-566: ('422 Client Error: Unprocessable Entity for url: https://api.airtable.com/v0/appmEh3BL93lRLn5k/JIRA-AIRTABLE-SYNC', '{\'type\': \'UNKNOWN_FIELD_NAME\', \'message\': \'Unknown field name: "Jira Key"\'}')
2025-01-13 22:44:10,812 - ERROR: Error syncing issue BRAV-565: ('422 Client Error: Unprocessable Entity for url: https://api.airtable.com/v0/appmEh3BL93lRLn5k/JIRA-AIRTABLE-SYNC', '{\'type\': \'UNKNOWN_FIELD_NAME\', \'message\': \'Unknown field name: "Jira Key"\'}')
2025-01-13 22:44:11,132 - ERROR: Error syncing issue BRAV-564: ('422 Client Error: Unprocessable Entity for url: https://api.airtable.com/v0/appmEh3BL93lRLn5k/JIRA-AIRTABLE-SYNC', '{\'type\': \'UNKNOWN_FIELD_NAME\', \'message\': \'Unknown field name: "Jira Key"\'}')
2025-01-13 22:44:11,414 - ERROR: Error syncing issue BRAV-563: ('422 Client Error: Unprocessable Entity for url: https://api.airtable.com/v0/appmEh3BL93lRLn5k/JIRA-AIRTABLE-SYNC', '{\'type\': \'UNKNOWN_FIELD_NAME\', \'message\': \'Unknown field name: "Jira Key"\'}')
2025-01-13 22:44:11,671 - ERROR: Error syncing issue BRAV-562: ('422 Client Error: Unprocessable Entity for url: https://api.airtable.com/v0/appmEh3BL93lRLn5k/JIRA-AIRTABLE-SYNC', '{\'type\': \'UNKNOWN_FIELD_NAME\', \'message\': \'Unknown field name: "Jira Key"\'}')
2025-01-13 22:44:11,935 - ERROR: Error syncing issue BRAV-561: ('422 Client Error: Unprocessable Entity for url: https://api.airtable.com/v0/appmEh3BL93lRLn5k/JIRA-AIRTABLE-SYNC', '{\'type\': \'UNKNOWN_FIELD_NAME\', \'message\': \'Unknown field name: "Jira Key"\'}')
2025-01-13 22:44:12,189 - ERROR: Error syncing issue BRAV-560: ('422 Client Error: Unprocessable Entity for url: https://api.airtable.com/v0/appmEh3BL93lRLn5k/JIRA-AIRTABLE-SYNC', '{\'type\': \'UNKNOWN_FIELD_NAME\', \'message\': \'Unknown field name: "Jira Key"\'}')
2025-01-13 22:44:12,428 - ERROR: Error syncing issue BRAV-559: ('422 Client Error: Unprocessable Entity for url: https://api.airtable.com/v0/appmEh3BL93lRLn5k/JIRA-AIRTABLE-SYNC', '{\'type\': \'UNKNOWN_FIELD_NAME\', \'message\': \'Unknown field name: "Jira Key"\'}')
2025-01-13 22:44:12,687 - ERROR: Error syncing issue BRAV-558: ('422 Client Error: Unprocessable Entity for url: https://api.airtable.com/v0/appmEh3BL93lRLn5k/JIRA-AIRTABLE-SYNC', '{\'type\': \'UNKNOWN_FIELD_NAME\', \'message\': \'Unknown field name: "Jira Key"\'}')
2025-01-13 22:44:12,934 - ERROR: Error syncing issue BRAV-557: ('422 Client Error: Unprocessable Entity for url: https://api.airtable.com/v0/appmEh3BL93lRLn5k/JIRA-AIRTABLE-SYNC', '{\'type\': \'UNKNOWN_FIELD_NAME\', \'message\': \'Unknown field name: "Jira Key"\'}')
2025-01-13 22:44:13,188 - ERROR: Error syncing issue BRAV-556: ('422 Client Error: Unprocessable Entity for url: https://api.airtable.com/v0/appmEh3BL93lRLn5k/JIRA-AIRTABLE-SYNC', '{\'type\': \'UNKNOWN_FIELD_NAME\', \'message\': \'Unknown field name: "Jira Key"\'}')
2025-01-13 22:44:13,451 - ERROR: Error syncing issue BRAV-555: ('422 Client Error: Unprocessable Entity for url: https://api.airtable.com/v0/appmEh3BL93lRLn5k/JIRA-AIRTABLE-SYNC', '{\'type\': \'UNKNOWN_FIELD_NAME\', \'message\': \'Unknown field name: "Jira Key"\'}')
2025-01-13 22:44:13,687 - ERROR: Error syncing issue BRAV-554: ('422 Client Error: Unprocessable Entity for url: https://api.airtable.com/v0/appmEh3BL93lRLn5k/JIRA-AIRTABLE-SYNC', '{\'type\': \'UNKNOWN_FIELD_NAME\', \'message\': \'Unknown field name: "Jira Key"\'}')
2025-01-13 22:44:13,947 - ERROR: Error syncing issue BRAV-553: ('422 Client Error: Unprocessable Entity for url: https://api.airtable.com/v0/appmEh3BL93lRLn5k/JIRA-AIRTABLE-SYNC', '{\'type\': \'UNKNOWN_FIELD_NAME\', \'message\': \'Unknown field name: "Jira Key"\'}')
2025-01-13 22:44:14,195 - ERROR: Error syncing issue BRAV-552: ('422 Client Error: Unprocessable Entity for url: https://api.airtable.com/v0/appmEh3BL93lRLn5k/JIRA-AIRTABLE-SYNC', '{\'type\': \'UNKNOWN_FIELD_NAME\', \'message\': \'Unknown field name: "Jira Key"\'}')
2025-01-13 22:44:14,446 - ERROR: Error syncing issue BRAV-551: ('422 Client Error: Unprocessable Entity for url: https://api.airtable.com/v0/appmEh3BL93lRLn5k/JIRA-AIRTABLE-SYNC', '{\'type\': \'UNKNOWN_FIELD_NAME\', \'message\': \'Unknown field name: "Jira Key"\'}')
2025-01-13 22:44:14,705 - ERROR: Error syncing issue BRAV-550: ('422 Client Error: Unprocessable Entity for url: https://api.airtable.com/v0/appmEh3BL93lRLn5k/JIRA-AIRTABLE-SYNC', '{\'type\': \'UNKNOWN_FIELD_NAME\', \'message\': \'Unknown field name: "Jira Key"\'}')
2025-01-13 22:44:14,967 - ERROR: Error syncing issue BRAV-549: ('422 Client Error: Unprocessable Entity for url: https://api.airtable.com/v0/appmEh3BL93lRLn5k/JIRA-AIRTABLE-SYNC', '{\'type\': \'UNKNOWN_FIELD_NAME\', \'message\': \'Unknown field name: "Jira Key"\'}')
2025-01-13 22:44:15,251 - ERROR: Error syncing issue BRAV-548: ('422 Client Error: Unprocessable Entity for url: https://api.airtable.com/v0/appmEh3BL93lRLn5k/JIRA-AIRTABLE-SYNC', '{\'type\': \'UNKNOWN_FIELD_NAME\', \'message\': \'Unknown field name: "Jira Key"\'}')
2025-01-13 22:44:15,506 - ERROR: Error syncing issue BRAV-547: ('422 Client Error: Unprocessable Entity for url: https://api.airtable.com/v0/appmEh3BL93lRLn5k/JIRA-AIRTABLE-SYNC', '{\'type\': \'UNKNOWN_FIELD_NAME\', \'message\': \'Unknown field name: "Jira Key"\'}')
2025-01-13 22:44:15,774 - ERROR: Error syncing issue BRAV-546: ('422 Client Error: Unprocessable Entity for url: https://api.airtable.com/v0/appmEh3BL93lRLn5k/JIRA-AIRTABLE-SYNC', '{\'type\': \'UNKNOWN_FIELD_NAME\', \'message\': \'Unknown field name: "Jira Key"\'}')
2025-01-13 22:44:16,043 - ERROR: Error syncing issue BRAV-545: ('422 Client Error: Unprocessable Entity for url: https://api.airtable.com/v0/appmEh3BL93lRLn5k/JIRA-AIRTABLE-SYNC', '{\'type\': \'UNKNOWN_FIELD_NAME\', \'message\': \'Unknown field name: "Jira Key"\'}')
2025-01-13 22:44:16,406 - ERROR: Error syncing issue BRAV-544: ('422 Client Error: Unprocessable Entity for url: https://api.airtable.com/v0/appmEh3BL93lRLn5k/JIRA-AIRTABLE-SYNC', '{\'type\': \'UNKNOWN_FIELD_NAME\', \'message\': \'Unknown field name: "Jira Key"\'}')
2025-01-13 22:44:16,683 - ERROR: Error syncing issue BRAV-543: ('422 Client Error: Unprocessable Entity for url: https://api.airtable.com/v0/appmEh3BL93lRLn5k/JIRA-AIRTABLE-SYNC', '{\'type\': \'UNKNOWN_FIELD_NAME\', \'message\': \'Unknown field name: "Jira Key"\'}')
2025-01-13 22:44:16,948 - ERROR: Error syncing issue BRAV-542: ('422 Client Error: Unprocessable Entity for url: https://api.airtable.com/v0/appmEh3BL93lRLn5k/JIRA-AIRTABLE-SYNC', '{\'type\': \'UNKNOWN_FIELD_NAME\', \'message\': \'Unknown field name: "Jira Key"\'}')
2025-01-13 22:44:17,215 - ERROR: Error syncing issue BRAV-541: ('422 Client Error: Unprocessable Entity for url: https://api.airtable.com/v0/appmEh3BL93lRLn5k/JIRA-AIRTABLE-SYNC', '{\'type\': \'UNKNOWN_FIELD_NAME\', \'message\': \'Unknown field name: "Jira Key"\'}')
2025-01-13 22:44:17,470 - ERROR: Error syncing issue BRAV-540: ('422 Client Error: Unprocessable Entity for url: https://api.airtable.com/v0/appmEh3BL93lRLn5k/JIRA-AIRTABLE-SYNC', '{\'type\': \'UNKNOWN_FIELD_NAME\', \'message\': \'Unknown field name: "Jira Key"\'}')
2025-01-13 22:44:17,738 - ERROR: Error syncing issue BRAV-539: ('422 Client Error: Unprocessable Entity for url: https://api.airtable.com/v0/appmEh3BL93lRLn5k/JIRA-AIRTABLE-SYNC', '{\'type\': \'UNKNOWN_FIELD_NAME\', \'message\': \'Unknown field name: "Jira Key"\'}')
2025-01-13 22:44:17,975 - ERROR: Error syncing issue BRAV-538: ('422 Client Error: Unprocessable Entity for url: https://api.airtable.com/v0/appmEh3BL93lRLn5k/JIRA-AIRTABLE-SYNC', '{\'type\': \'UNKNOWN_FIELD_NAME\', \'message\': \'Unknown field name: "Jira Key"\'}')
2025-01-13 22:44:18,263 - ERROR: Error syncing issue BRAV-537: ('422 Client Error: Unprocessable Entity for url: https://api.airtable.com/v0/appmEh3BL93lRLn5k/JIRA-AIRTABLE-SYNC', '{\'type\': \'UNKNOWN_FIELD_NAME\', \'message\': \'Unknown field name: "Jira Key"\'}')
2025-01-13 22:44:18,515 - ERROR: Error syncing issue BRAV-536: ('422 Client Error: Unprocessable Entity for url: https://api.airtable.com/v0/appmEh3BL93lRLn5k/JIRA-AIRTABLE-SYNC', '{\'type\': \'UNKNOWN_FIELD_NAME\', \'message\': \'Unknown field name: "Jira Key"\'}')
2025-01-13 22:44:18,761 - ERROR: Error syncing issue BRAV-535: ('422 Client Error: Unprocessable Entity for url: https://api.airtable.com/v0/appmEh3BL93lRLn5k/JIRA-AIRTABLE-SYNC', '{\'type\': \'UNKNOWN_FIELD_NAME\', \'message\': \'Unknown field name: "Jira Key"\'}')
2025-01-13 22:44:19,013 - ERROR: Error syncing issue BRAV-534: ('422 Client Error: Unprocessable Entity for url: https://api.airtable.com/v0/appmEh3BL93lRLn5k/JIRA-AIRTABLE-SYNC', '{\'type\': \'UNKNOWN_FIELD_NAME\', \'message\': \'Unknown field name: "Jira Key"\'}')
2025-01-13 22:44:19,313 - ERROR: Error syncing issue BRAV-533: ('422 Client Error: Unprocessable Entity for url: https://api.airtable.com/v0/appmEh3BL93lRLn5k/JIRA-AIRTABLE-SYNC', '{\'type\': \'UNKNOWN_FIELD_NAME\', \'message\': \'Unknown field name: "Jira Key"\'}')
2025-01-13 22:44:19,596 - ERROR: Error syncing issue BRAV-532: ('422 Client Error: Unprocessable Entity for url: https://api.airtable.com/v0/appmEh3BL93lRLn5k/JIRA-AIRTABLE-SYNC', '{\'type\': \'UNKNOWN_FIELD_NAME\', \'message\': \'Unknown field name: "Jira Key"\'}')
2025-01-13 22:44:19,835 - ERROR: Error syncing issue BRAV-531: ('422 Client Error: Unprocessable Entity for url: https://api.airtable.com/v0/appmEh3BL93lRLn5k/JIRA-AIRTABLE-SYNC', '{\'type\': \'UNKNOWN_FIELD_NAME\', \'message\': \'Unknown field name: "Jira Key"\'}')
2025-01-13 22:44:20,101 - ERROR: Error syncing issue BRAV-530: ('422 Client Error: Unprocessable Entity for url: https://api.airtable.com/v0/appmEh3BL93lRLn5k/JIRA-AIRTABLE-SYNC', '{\'type\': \'UNKNOWN_FIELD_NAME\', \'message\': \'Unknown field name: "Jira Key"\'}')
2025-01-13 22:44:20,338 - ERROR: Error syncing issue BRAV-529: ('422 Client Error: Unprocessable Entity for url: https://api.airtable.com/v0/appmEh3BL93lRLn5k/JIRA-AIRTABLE-SYNC', '{\'type\': \'UNKNOWN_FIELD_NAME\', \'message\': \'Unknown field name: "Jira Key"\'}')
2025-01-13 22:44:20,585 - ERROR: Error syncing issue BRAV-528: ('422 Client Error: Unprocessable Entity for url: https://api.airtable.com/v0/appmEh3BL93lRLn5k/JIRA-AIRTABLE-SYNC', '{\'type\': \'UNKNOWN_FIELD_NAME\', \'message\': \'Unknown field name: "Jira Key"\'}')
2025-01-13 22:44:20,819 - ERROR: Error syncing issue BRAV-527: ('422 Client Error: Unprocessable Entity for url: https://api.airtable.com/v0/appmEh3BL93lRLn5k/JIRA-AIRTABLE-SYNC', '{\'type\': \'UNKNOWN_FIELD_NAME\', \'message\': \'Unknown field name: "Jira Key"\'}')
2025-01-13 22:44:21,053 - ERROR: Error syncing issue BRAV-526: ('422 Client Error: Unprocessable Entity for url: https://api.airtable.com/v0/appmEh3BL93lRLn5k/JIRA-AIRTABLE-SYNC', '{\'type\': \'UNKNOWN_FIELD_NAME\', \'message\': \'Unknown field name: "Jira Key"\'}')
2025-01-13 22:44:21,293 - ERROR: Error syncing issue BRAV-525: ('422 Client Error: Unprocessable Entity for url: https://api.airtable.com/v0/appmEh3BL93lRLn5k/JIRA-AIRTABLE-SYNC', '{\'type\': \'UNKNOWN_FIELD_NAME\', \'message\': \'Unknown field name: "Jira Key"\'}')
2025-01-13 22:44:21,548 - ERROR: Error syncing issue BRAV-524: ('422 Client Error: Unprocessable Entity for url: https://api.airtable.com/v0/appmEh3BL93lRLn5k/JIRA-AIRTABLE-SYNC', '{\'type\': \'UNKNOWN_FIELD_NAME\', \'message\': \'Unknown field name: "Jira Key"\'}')
2025-01-13 22:44:21,787 - ERROR: Error syncing issue BRAV-523: ('422 Client Error: Unprocessable Entity for url: https://api.airtable.com/v0/appmEh3BL93lRLn5k/JIRA-AIRTABLE-SYNC', '{\'type\': \'UNKNOWN_FIELD_NAME\', \'message\': \'Unknown field name: "Jira Key"\'}')
2025-01-13 22:44:22,018 - ERROR: Error syncing issue BRAV-522: ('422 Client Error: Unprocessable Entity for url: https://api.airtable.com/v0/appmEh3BL93lRLn5k/JIRA-AIRTABLE-SYNC', '{\'type\': \'UNKNOWN_FIELD_NAME\', \'message\': \'Unknown field name: "Jira Key"\'}')
2025-01-13 22:44:22,290 - ERROR: Error syncing issue BRAV-521: ('422 Client Error: Unprocessable Entity for url: https://api.airtable.com/v0/appmEh3BL93lRLn5k/JIRA-AIRTABLE-SYNC', '{\'type\': \'UNKNOWN_FIELD_NAME\', \'message\': \'Unknown field name: "Jira Key"\'}')
2025-01-13 22:44:22,536 - ERROR: Error syncing issue BRAV-520: ('422 Client Error: Unprocessable Entity for url: https://api.airtable.com/v0/appmEh3BL93lRLn5k/JIRA-AIRTABLE-SYNC', '{\'type\': \'UNKNOWN_FIELD_NAME\', \'message\': \'Unknown field name: "Jira Key"\'}')
2025-01-13 22:44:22,793 - ERROR: Error syncing issue BRAV-519: ('422 Client Error: Unprocessable Entity for url: https://api.airtable.com/v0/appmEh3BL93lRLn5k/JIRA-AIRTABLE-SYNC', '{\'type\': \'UNKNOWN_FIELD_NAME\', \'message\': \'Unknown field name: "Jira Key"\'}')
2025-01-13 22:44:23,096 - ERROR: Error syncing issue BRAV-518: ('422 Client Error: Unprocessable Entity for url: https://api.airtable.com/v0/appmEh3BL93lRLn5k/JIRA-AIRTABLE-SYNC', '{\'type\': \'UNKNOWN_FIELD_NAME\', \'message\': \'Unknown field name: "Jira Key"\'}')
2025-01-13 22:44:23,333 - ERROR: Error syncing issue BRAV-517: ('422 Client Error: Unprocessable Entity for url: https://api.airtable.com/v0/appmEh3BL93lRLn5k/JIRA-AIRTABLE-SYNC', '{\'type\': \'UNKNOWN_FIELD_NAME\', \'message\': \'Unknown field name: "Jira Key"\'}')
2025-01-13 22:44:23,590 - ERROR: Error syncing issue BRAV-516: ('422 Client Error: Unprocessable Entity for url: https://api.airtable.com/v0/appmEh3BL93lRLn5k/JIRA-AIRTABLE-SYNC', '{\'type\': \'UNKNOWN_FIELD_NAME\', \'message\': \'Unknown field name: "Jira Key"\'}')
2025-01-13 22:44:23,837 - ERROR: Error syncing issue BRAV-515: ('422 Client Error: Unprocessable Entity for url: https://api.airtable.com/v0/appmEh3BL93lRLn5k/JIRA-AIRTABLE-SYNC', '{\'type\': \'UNKNOWN_FIELD_NAME\', \'message\': \'Unknown field name: "Jira Key"\'}')
2025-01-13 22:44:24,105 - ERROR: Error syncing issue BRAV-514: ('422 Client Error: Unprocessable Entity for url: https://api.airtable.com/v0/appmEh3BL93lRLn5k/JIRA-AIRTABLE-SYNC', '{\'type\': \'UNKNOWN_FIELD_NAME\', \'message\': \'Unknown field name: "Jira Key"\'}')
2025-01-13 22:44:24,343 - ERROR: Error syncing issue BRAV-512: ('422 Client Error: Unprocessable Entity for url: https://api.airtable.com/v0/appmEh3BL93lRLn5k/JIRA-AIRTABLE-SYNC', '{\'type\': \'UNKNOWN_FIELD_NAME\', \'message\': \'Unknown field name: "Jira Key"\'}')
2025-01-13 22:44:24,624 - ERROR: Error syncing issue BRAV-511: ('422 Client Error: Unprocessable Entity for url: https://api.airtable.com/v0/appmEh3BL93lRLn5k/JIRA-AIRTABLE-SYNC', '{\'type\': \'UNKNOWN_FIELD_NAME\', \'message\': \'Unknown field name: "Jira Key"\'}')
2025-01-13 22:44:24,868 - ERROR: Error syncing issue BRAV-510: ('422 Client Error: Unprocessable Entity for url: https://api.airtable.com/v0/appmEh3BL93lRLn5k/JIRA-AIRTABLE-SYNC', '{\'type\': \'UNKNOWN_FIELD_NAME\', \'message\': \'Unknown field name: "Jira Key"\'}')
2025-01-13 22:44:25,098 - ERROR: Error syncing issue BRAV-509: ('422 Client Error: Unprocessable Entity for url: https://api.airtable.com/v0/appmEh3BL93lRLn5k/JIRA-AIRTABLE-SYNC', '{\'type\': \'UNKNOWN_FIELD_NAME\', \'message\': \'Unknown field name: "Jira Key"\'}')
2025-01-13 22:44:25,371 - ERROR: Error syncing issue BRAV-508: ('422 Client Error: Unprocessable Entity for url: https://api.airtable.com/v0/appmEh3BL93lRLn5k/JIRA-AIRTABLE-SYNC', '{\'type\': \'UNKNOWN_FIELD_NAME\', \'message\': \'Unknown field name: "Jira Key"\'}')
2025-01-13 22:44:25,630 - ERROR: Error syncing issue BRAV-507: ('422 Client Error: Unprocessable Entity for url: https://api.airtable.com/v0/appmEh3BL93lRLn5k/JIRA-AIRTABLE-SYNC', '{\'type\': \'UNKNOWN_FIELD_NAME\', \'message\': \'Unknown field name: "Jira Key"\'}')
2025-01-13 22:44:25,883 - ERROR: Error syncing issue BRAV-506: ('422 Client Error: Unprocessable Entity for url: https://api.airtable.com/v0/appmEh3BL93lRLn5k/JIRA-AIRTABLE-SYNC', '{\'type\': \'UNKNOWN_FIELD_NAME\', \'message\': \'Unknown field name: "Jira Key"\'}')
2025-01-13 22:44:26,114 - ERROR: Error syncing issue BRAV-505: ('422 Client Error: Unprocessable Entity for url: https://api.airtable.com/v0/appmEh3BL93lRLn5k/JIRA-AIRTABLE-SYNC', '{\'type\': \'UNKNOWN_FIELD_NAME\', \'message\': \'Unknown field name: "Jira Key"\'}')
2025-01-13 22:44:26,365 - ERROR: Error syncing issue BRAV-504: ('422 Client Error: Unprocessable Entity for url: https://api.airtable.com/v0/appmEh3BL93lRLn5k/JIRA-AIRTABLE-SYNC', '{\'type\': \'UNKNOWN_FIELD_NAME\', \'message\': \'Unknown field name: "Jira Key"\'}')
2025-01-13 22:44:26,592 - ERROR: Error syncing issue BRAV-503: ('422 Client Error: Unprocessable Entity for url: https://api.airtable.com/v0/appmEh3BL93lRLn5k/JIRA-AIRTABLE-SYNC', '{\'type\': \'UNKNOWN_FIELD_NAME\', \'message\': \'Unknown field name: "Jira Key"\'}')
2025-01-13 22:44:26,854 - ERROR: Error syncing issue BRAV-502: ('422 Client Error: Unprocessable Entity for url: https://api.airtable.com/v0/appmEh3BL93lRLn5k/JIRA-AIRTABLE-SYNC', '{\'type\': \'UNKNOWN_FIELD_NAME\', \'message\': \'Unknown field name: "Jira Key"\'}')
2025-01-13 22:44:27,087 - ERROR: Error syncing issue BRAV-501: ('422 Client Error: Unprocessable Entity for url: https://api.airtable.com/v0/appmEh3BL93lRLn5k/JIRA-AIRTABLE-SYNC', '{\'type\': \'UNKNOWN_FIELD_NAME\', \'message\': \'Unknown field name: "Jira Key"\'}')
2025-01-13 22:44:27,360 - ERROR: Error syncing issue BRAV-500: ('422 Client Error: Unprocessable Entity for url: https://api.airtable.com/v0/appmEh3BL93lRLn5k/JIRA-AIRTABLE-SYNC', '{\'type\': \'UNKNOWN_FIELD_NAME\', \'message\': \'Unknown field name: "Jira Key"\'}')
2025-01-13 22:44:27,627 - ERROR: Error syncing issue BRAV-498: ('422 Client Error: Unprocessable Entity for url: https://api.airtable.com/v0/appmEh3BL93lRLn5k/JIRA-AIRTABLE-SYNC', '{\'type\': \'UNKNOWN_FIELD_NAME\', \'message\': \'Unknown field name: "Jira Key"\'}')
2025-01-13 22:44:27,877 - ERROR: Error syncing issue BRAV-497: ('422 Client Error: Unprocessable Entity for url: https://api.airtable.com/v0/appmEh3BL93lRLn5k/JIRA-AIRTABLE-SYNC', '{\'type\': \'UNKNOWN_FIELD_NAME\', \'message\': \'Unknown field name: "Jira Key"\'}')
2025-01-13 22:47:34,155 - ERROR: Airtable schema validation failed: Table.get() missing 1 required positional argument: 'record_id'
2025-01-13 22:47:58,508 - WARNING: Could not create dummy record to validate schema: ('422 Client Error: Unprocessable Entity for url: https://api.airtable.com/v0/appmEh3BL93lRLn5k/JIRA-AIRTABLE-SYNC', '{\'type\': \'UNKNOWN_FIELD_NAME\', \'message\': \'Unknown field name: "Jira Key"\'}')
2025-01-13 22:47:58,508 - ERROR: Airtable schema validation failed: The following fields are missing in your Airtable: Jira Key, Summary, Description, Reporter, Assignee, Issue Type, Status, Parent Issue Key, Date Created, Last Updated, Date Completed
Please create these fields in Airtable before running the sync.
2025-01-13 22:50:50,104 - ERROR: Airtable schema validation failed: The following fields are missing in your Airtable: Jira Key, Summary, Description, Reporter, Assignee, Issue Type, Status, Parent Issue Key, Date Created, Last Updated, Date Completed

Fields found in table 'JIRA-AIRTABLE-SYNC':
(no fields found)

Please create the missing fields in Airtable before running the sync.
2025-01-13 22:53:20,739 - ERROR: Airtable schema validation failed: Could not detect fields in table 'JIRA-AIRTABLE-SYNC'. Please create at least one record in the table or add the required fields:
Jira Key, Summary, Description, Reporter, Assignee, Issue Type, Status, Parent Issue Key, Date Created, Last Updated, Date Completed
